<?xml version="1.0" encoding="UTF-8"?>
<!-- Generated by org.testng.reporters.JUnitReportReporter -->
<testsuite hostname="FM" failures="0" tests="1" name="com.w2a.testCases.AddCustomerTest" time="0.765" errors="0" timestamp="09 Mar 2020 23:24:09 GMT" skipped="0">
  <testcase classname="com.w2a.testCases.AddCustomerTest" name="addCustomer" time="0.765"/>
</testsuite> <!-- com.w2a.testCases.AddCustomerTest -->
