<?xml version="1.0" encoding="UTF-8"?>
<!-- Generated by org.testng.reporters.JUnitReportReporter -->
<testsuite hostname="FM" failures="0" tests="1" name="com.w2a.testCases.LoginTest" time="2.174" errors="0" timestamp="09 Mar 2020 16:27:19 GMT" skipped="0">
  <testcase classname="com.w2a.testCases.LoginTest" name="loginAsBankManager" time="2.174"/>
</testsuite> <!-- com.w2a.testCases.LoginTest -->
