<?xml version="1.0" encoding="UTF-8"?>
<!-- Generated by org.testng.reporters.JUnitReportReporter -->
<testsuite hostname="FM" failures="0" tests="1" name="com.w2a.testCases.BankManagerLoginTest" time="0.000" errors="0" timestamp="20 Mar 2020 22:06:45 GMT" skipped="1">
  <testcase classname="com.w2a.testCases.BankManagerLoginTest" name="bankManagerLoginTest" time="0.000">
    <skipped/>
  </testcase> <!-- bankManagerLoginTest -->
</testsuite> <!-- com.w2a.testCases.BankManagerLoginTest -->
